\BOOKMARK [0][-]{chapter.1}{Overview}{}% 1
\BOOKMARK [1][-]{section.1.1}{Introduction}{chapter.1}% 2
\BOOKMARK [1][-]{section.1.2}{System Objectives}{chapter.1}% 3
\BOOKMARK [1][-]{section.1.3}{Overview}{chapter.1}% 4
\BOOKMARK [0][-]{chapter.2}{Judgment Aggregation By Voting}{}% 5
\BOOKMARK [1][-]{section.2.1}{Surprisingly Popular}{chapter.2}% 6
\BOOKMARK [2][-]{subsection.2.1.1}{Example}{section.2.1}% 7
\BOOKMARK [1][-]{section.2.2}{Truthful people assumption}{chapter.2}% 8
\BOOKMARK [0][-]{chapter.3}{Eliciting Truthful Information}{}% 9
\BOOKMARK [1][-]{section.3.1}{Taxonomy and Categorization}{chapter.3}% 10
\BOOKMARK [1][-]{section.3.2}{Crowd-sourced Fact Checking}{chapter.3}% 11
\BOOKMARK [2][-]{subsection.3.2.1}{Why Peer Prediction makes sense in crowd-sourced fact checking?}{section.3.2}% 12
\BOOKMARK [1][-]{section.3.3}{What to strive for in a mechanism?}{chapter.3}% 13
\BOOKMARK [1][-]{section.3.4}{Effort: The Need for Compensation}{chapter.3}% 14
\BOOKMARK [1][-]{section.3.5}{Belief: The agent's local information}{chapter.3}% 15
\BOOKMARK [2][-]{subsection.3.5.1}{Belief Update}{section.3.5}% 16
\BOOKMARK [1][-]{section.3.6}{Summary}{chapter.3}% 17
\BOOKMARK [1][-]{section.3.7}{Why Peer prediction wouldn't work as expected}{chapter.3}% 18
\BOOKMARK [0][-]{chapter.4}{Experiments}{}% 19
\BOOKMARK [1][-]{section.4.1}{Experiment 1}{chapter.4}% 20
\BOOKMARK [2][-]{subsection.4.1.1}{Experiment Setting}{section.4.1}% 21
\BOOKMARK [2][-]{subsection.4.1.2}{Results}{section.4.1}% 22
\BOOKMARK [2][-]{subsection.4.1.3}{Accuracy}{section.4.1}% 23
\BOOKMARK [2][-]{subsection.4.1.4}{Confidence}{section.4.1}% 24
\BOOKMARK [2][-]{subsection.4.1.5}{Estimation Scores}{section.4.1}% 25
\BOOKMARK [2][-]{subsection.4.1.6}{Surprisingly Popular and Estimation Scores}{section.4.1}% 26
